<?xml version="1.0" encoding="UTF-8"?>
<!-- Generated by org.testng.reporters.JUnitXMLReporter -->
<testsuite ignored="0" hostname="LAPTOP-CO6233UV" failures="0" tests="3" name="Default test" time="39.127" errors="0" timestamp="2022-06-20T15:37:58 IST">
  <testcase classname="com.morningstar.testNG.DataTest_DataProvider" name="login" time="6.347"/>
  <testcase classname="com.morningstar.testNG.DataTest_DataProvider" name="login" time="2.194"/>
  <testcase classname="com.morningstar.testNG.DataTest_DataProvider" name="login" time="6.184"/>
</testsuite> <!-- Default test -->
