<?xml version="1.0" encoding="UTF-8"?>
<testng-results ignored="0" total="1" passed="1" failed="0" skipped="0">
  <reporter-output>
  </reporter-output>
  <suite started-at="2022-06-21T11:00:59Z" name="Default suite" finished-at="2022-06-21T11:01:03Z" duration-ms="3164">
    <groups>
    </groups>
    <test started-at="2022-06-21T11:00:59Z" name="Default test" finished-at="2022-06-21T11:01:03Z" duration-ms="3164">
      <class name="testcase.SearchTestCase">
        <test-method is-config="true" signature="launch()[pri:0, instance:testcase.SearchTestCase@3f67593e]" started-at="2022-06-21T11:00:59Z" name="launch" finished-at="2022-06-21T11:01:02Z" duration-ms="2870" status="PASS">
          <reporter-output>
          </reporter-output>
        </test-method> <!-- launch -->
        <test-method signature="search()[pri:0, instance:testcase.SearchTestCase@3f67593e]" started-at="2022-06-21T11:01:02Z" name="search" finished-at="2022-06-21T11:01:03Z" duration-ms="276" status="PASS">
          <reporter-output>
          </reporter-output>
        </test-method> <!-- search -->
      </class> <!-- testcase.SearchTestCase -->
    </test> <!-- Default test -->
  </suite> <!-- Default suite -->
</testng-results>
