<?xml version="1.0" encoding="UTF-8"?>
<testng-results ignored="2" total="3" passed="1" failed="0" skipped="0">
  <reporter-output>
  </reporter-output>
  <suite started-at="2022-06-17T16:56:05 IST" name="Suite" finished-at="2022-06-17T16:56:05 IST" duration-ms="40">
    <groups>
      <group name="smokeTesting">
        <method signature="DependsOnGroups.testCase1()[pri:0, instance:com.morningstar.testNG.DependsOnGroups@2dde1bff]" name="testCase1" class="com.morningstar.testNG.DependsOnGroups"/>
      </group> <!-- smokeTesting -->
      <group name="regressionTesing">
        <method signature="DependsOnGroups.testCase1()[pri:0, instance:com.morningstar.testNG.DependsOnGroups@2dde1bff]" name="testCase1" class="com.morningstar.testNG.DependsOnGroups"/>
      </group> <!-- regressionTesing -->
    </groups>
    <test started-at="2022-06-17T16:56:05 IST" name="Test" finished-at="2022-06-17T16:56:05 IST" duration-ms="40">
      <class name="com.morningstar.testNG.DependsOnGroups">
        <test-method signature="testCase1()[pri:0, instance:com.morningstar.testNG.DependsOnGroups@2dde1bff]" started-at="2022-06-17T16:56:05 IST" name="testCase1" finished-at="2022-06-17T16:56:05 IST" duration-ms="8" status="PASS">
          <reporter-output>
          </reporter-output>
        </test-method> <!-- testCase1 -->
      </class> <!-- com.morningstar.testNG.DependsOnGroups -->
    </test> <!-- Test -->
  </suite> <!-- Suite -->
</testng-results>
