<?xml version="1.0" encoding="UTF-8"?>
<!-- Generated by org.testng.reporters.JUnitXMLReporter -->
<testsuite ignored="2" hostname="LAPTOP-CO6233UV" failures="0" tests="1" name="Test" time="0.04" errors="0" timestamp="2022-06-17T16:56:05 IST">
  <testcase classname="com.morningstar.testNG.DependsOnGroups" name="testCase1" time="0.008"/>
  <testcase classname="com.morningstar.testNG.DependsOnGroups" name="testCase2" time="0.0">
    <ignored/>
  </testcase> <!-- testCase2 -->
  <testcase classname="com.morningstar.testNG.DependsOnGroups" name="testCase3" time="0.0">
    <ignored/>
  </testcase> <!-- testCase3 -->
</testsuite> <!-- Test -->
