<?xml version="1.0" encoding="UTF-8"?>
<testng-results ignored="0" total="1" passed="1" failed="0" skipped="0">
  <reporter-output>
  </reporter-output>
  <suite started-at="2022-06-20T05:05:26Z" name="Default suite" finished-at="2022-06-20T05:05:39Z" duration-ms="12688">
    <groups>
    </groups>
    <test started-at="2022-06-20T05:05:26Z" name="Default test" finished-at="2022-06-20T05:05:39Z" duration-ms="12688">
      <class name="com.testcase.LoginTestCase">
        <test-method is-config="true" signature="launch()[pri:0, instance:com.testcase.LoginTestCase@14bee915]" started-at="2022-06-20T05:05:26Z" name="launch" finished-at="2022-06-20T05:05:33Z" duration-ms="7045" status="PASS">
          <reporter-output>
          </reporter-output>
        </test-method> <!-- launch -->
        <test-method signature="loginTest()[pri:0, instance:com.testcase.LoginTestCase@14bee915]" started-at="2022-06-20T05:05:33Z" name="loginTest" finished-at="2022-06-20T05:05:38Z" duration-ms="5021" status="PASS">
          <reporter-output>
          </reporter-output>
        </test-method> <!-- loginTest -->
        <test-method is-config="true" signature="closeApp()[pri:0, instance:com.testcase.LoginTestCase@14bee915]" started-at="2022-06-20T05:05:38Z" name="closeApp" finished-at="2022-06-20T05:05:39Z" duration-ms="556" status="PASS">
          <reporter-output>
          </reporter-output>
        </test-method> <!-- closeApp -->
      </class> <!-- com.testcase.LoginTestCase -->
    </test> <!-- Default test -->
  </suite> <!-- Default suite -->
</testng-results>
